<?xml version="1.0" encoding="UTF-8"?>
<!-- Generated by org.testng.reporters.JUnitXMLReporter -->
<testsuite ignored="0" hostname="MS-7B48" failures="1" tests="4" name="ListenersGroupTest" time="0.841" errors="0" timestamp="2022-08-22T16:20:17 CST">
  <testcase classname="ui.GroupTestExample" name="groupTestExample" time="0.005"/>
  <testcase classname="ui.GroupTestExample" name="groupTestRegressionSmoke" time="0.007">
    <failure type="java.lang.AssertionError" message="expected [true] but found [false]">
      <![CDATA[java.lang.AssertionError: expected [true] but found [false]
at ui.GroupTestExample.groupTestRegressionSmoke(GroupTestExample.java:54)
at java.base/java.util.ArrayList.forEach(ArrayList.java:1511)
... Removed 31 stack frames]]>
    </failure>
  </testcase> <!-- groupTestRegressionSmoke -->
  <testcase classname="ui.GroupTestExample" name="titleTest" time="0.009"/>
  <testcase classname="ui.GroupTestExample" name="textTest" time="0.119"/>
</testsuite> <!-- ListenersGroupTest -->
